[2025-07-21 19:53:31] [INFO]: ✅ MongoDB connected successfully
[2025-07-21 19:53:31] [INFO]: 🌿 Growlify backend running on http://localhost:5000
[2025-07-21 20:03:01] [INFO]: ✅ MongoDB connected successfully
[2025-07-21 20:03:01] [INFO]: 🌿 Growlify backend running on http://localhost:5000
[2025-07-21 20:04:31] [INFO]: ✅ MongoDB connected successfully
[2025-07-21 20:04:31] [INFO]: 🌿 Growlify backend running on http://localhost:5000
[2025-07-21 20:07:33] [INFO]: ✅ MongoDB connected successfully
[2025-07-21 20:07:33] [INFO]: 🌿 Growlify backend running on http://localhost:5000
[2025-07-21 20:08:13] [INFO]: ✅ MongoDB connected successfully
[2025-07-21 20:08:13] [INFO]: 🌿 Growlify backend running on http://localhost:5000
[2025-07-21 20:09:00] [INFO]: [NODE-CRON] Running watering reminder job for location: Indoor
[2025-07-21 20:09:03] [INFO]: ✅ Email sent successfully to amaljesmas@gmail.com
[2025-07-21 20:09:03] [INFO]: [EMAIL SENT] to amaljesmas@gmail.com for dq
[2025-07-21 20:09:03] [WARN]: [SKIP] Missing user data for plant "wgwe" — userId: 68695128e997799b0054a76c
[2025-07-21 20:09:03] [WARN]: [SKIP] Missing user data for plant "wfe" — userId: 68695128e997799b0054a76c
[2025-07-21 20:09:05] [INFO]: ✅ Email sent successfully to dinnynavis@gmail.com
[2025-07-21 20:09:05] [INFO]: [EMAIL SENT] to dinnynavis@gmail.com for olu
[2025-07-21 20:12:10] [INFO]: ✅ MongoDB connected successfully
[2025-07-21 20:12:10] [INFO]: 🌿 Growlify backend running on http://localhost:5000
[2025-07-21 21:33:06] [INFO]: ✅ MongoDB connected successfully
[2025-07-21 21:33:06] [INFO]: 🌿 Growlify backend running on http://localhost:5000
[2025-07-21 21:34:00] [INFO]: [NODE-CRON] Running watering reminder at 18:09 (Indoor - Evening)
[2025-07-21 21:34:00] [INFO]: [NODE-CRON] Running watering reminder job for location: Indoor
[2025-07-21 21:34:03] [INFO]: ✅ Email sent successfully to amaljesmas@gmail.com
[2025-07-21 21:34:03] [INFO]: [EMAIL SENT] to amaljesmas@gmail.com for dq
[2025-07-21 21:34:03] [WARN]: [SKIP] Missing user data for plant "wgwe" — userId: 68695128e997799b0054a76c
[2025-07-21 21:34:03] [WARN]: [SKIP] Missing user data for plant "wfe" — userId: 68695128e997799b0054a76c
[2025-07-21 21:34:06] [INFO]: ✅ Email sent successfully to dinnynavis@gmail.com
[2025-07-21 21:34:06] [INFO]: [EMAIL SENT] to dinnynavis@gmail.com for olu
[2025-07-21 21:41:04] [INFO]: ✅ MongoDB connected successfully
[2025-07-21 21:41:04] [INFO]: 🌿 Growlify backend running on http://localhost:5000
[2025-07-21 21:41:04] [INFO]: MongoDB connected successfully
[2025-07-21 21:43:15] [INFO]: 📩 Contact email received from navis@gmail.com by wed
[2025-07-21 21:46:29] [INFO]: [GET PLANTS] Retrieved 1 plants for user 687e469b29e776d7c2e6e2e4
[2025-07-21 21:46:29] [INFO]: [GET PLANTS] Retrieved 1 plants for user 687e469b29e776d7c2e6e2e4
[2025-07-21 21:46:30] [INFO]: [GET PLANTS] Retrieved 1 plants for user 687e469b29e776d7c2e6e2e4
[2025-07-21 21:46:30] [INFO]: [GET PLANTS] Retrieved 1 plants for user 687e469b29e776d7c2e6e2e4
[2025-07-21 21:54:49] [INFO]: [GET PLANTS] Retrieved 1 plants for user 687e469b29e776d7c2e6e2e4
[2025-07-21 21:54:49] [INFO]: [GET PLANTS] Retrieved 1 plants for user 687e469b29e776d7c2e6e2e4
[2025-07-21 21:55:02] [INFO]: [GET PLANTS] Retrieved 1 plants for user 687e469b29e776d7c2e6e2e4
[2025-07-21 21:55:02] [INFO]: [GET PLANTS] Retrieved 1 plants for user 687e469b29e776d7c2e6e2e4
[2025-07-21 21:55:19] [INFO]: [GET PLANTS] Retrieved 1 plants for user 687e469b29e776d7c2e6e2e4
[2025-07-21 21:55:19] [INFO]: [GET PLANTS] Retrieved 1 plants for user 687e469b29e776d7c2e6e2e4
[2025-07-21 21:55:26] [INFO]: [GET PLANTS] Retrieved 1 plants for user 687e469b29e776d7c2e6e2e4
[2025-07-21 21:55:26] [INFO]: [GET PLANTS] Retrieved 1 plants for user 687e469b29e776d7c2e6e2e4
[2025-07-21 21:55:28] [INFO]: [GET PLANTS] Retrieved 1 plants for user 687e469b29e776d7c2e6e2e4
[2025-07-21 21:55:28] [INFO]: [GET PLANTS] Retrieved 1 plants for user 687e469b29e776d7c2e6e2e4
[2025-07-21 21:59:05] [INFO]: ✅ Email sent successfully to dinnynavis@gmail.com
[2025-07-21 21:59:05] [INFO]: [RESET OTP] Sent password reset OTP to dinnynavis@gmail.com
[2025-07-21 21:59:42] [WARN]: [RESET PASSWORD] Weak password attempt by dinnynavis@gmail.com
[2025-07-21 22:00:00] [INFO]: [RESET PASSWORD] Password reset successful for dinnynavis@gmail.com
[2025-07-21 22:00:20] [INFO]: [LOGIN] User logged in: dinnynavis@gmail.com
[2025-07-21 22:03:51] [INFO]: [GET PLANTS] Retrieved 1 plants for user 687e469b29e776d7c2e6e2e4
[2025-07-21 22:03:51] [INFO]: [GET PLANTS] Retrieved 1 plants for user 687e469b29e776d7c2e6e2e4
[2025-07-21 22:06:13] [INFO]: [GET PLANTS] Retrieved 1 plants for user 687e469b29e776d7c2e6e2e4
[2025-07-21 22:06:13] [INFO]: [GET PLANTS] Retrieved 1 plants for user 687e469b29e776d7c2e6e2e4
[2025-07-21 22:10:01] [INFO]: [GET PLANTS] Retrieved 1 plants for user 687e469b29e776d7c2e6e2e4
[2025-07-21 22:10:01] [INFO]: [GET PLANTS] Retrieved 1 plants for user 687e469b29e776d7c2e6e2e4
[2025-07-21 22:10:39] [INFO]: [ADD PLANT] New plant added for user 687e469b29e776d7c2e6e2e4: 687e6d87afea407e4e4afcaa
[2025-07-21 22:10:39] [INFO]: [GET PLANTS] Retrieved 2 plants for user 687e469b29e776d7c2e6e2e4
[2025-07-21 22:19:43] [INFO]: [GET PLANTS] Retrieved 2 plants for user 687e469b29e776d7c2e6e2e4
[2025-07-21 22:19:43] [INFO]: [GET PLANTS] Retrieved 2 plants for user 687e469b29e776d7c2e6e2e4
[2025-07-21 22:23:38] [INFO]: [GET PLANTS] Retrieved 2 plants for user 687e469b29e776d7c2e6e2e4
[2025-07-21 22:23:38] [INFO]: [GET PLANTS] Retrieved 2 plants for user 687e469b29e776d7c2e6e2e4
[2025-07-21 22:23:40] [INFO]: [GET PLANTS] Retrieved 2 plants for user 687e469b29e776d7c2e6e2e4
[2025-07-21 22:23:40] [INFO]: [GET PLANTS] Retrieved 2 plants for user 687e469b29e776d7c2e6e2e4
[2025-07-21 22:23:47] [INFO]: [GET PLANTS] Retrieved 2 plants for user 687e469b29e776d7c2e6e2e4
[2025-07-21 22:23:47] [INFO]: [GET PLANTS] Retrieved 2 plants for user 687e469b29e776d7c2e6e2e4
[2025-07-21 22:24:08] [INFO]: [GET PLANTS] Retrieved 2 plants for user 687e469b29e776d7c2e6e2e4
[2025-07-21 22:24:08] [INFO]: [GET PLANTS] Retrieved 2 plants for user 687e469b29e776d7c2e6e2e4
[2025-07-21 22:29:27] [INFO]: [GET PLANTS] Retrieved 2 plants for user 687e469b29e776d7c2e6e2e4
[2025-07-21 22:29:27] [INFO]: [GET PLANTS] Retrieved 2 plants for user 687e469b29e776d7c2e6e2e4
[2025-07-21 22:29:56] [INFO]: [GET PLANTS] Retrieved 2 plants for user 687e469b29e776d7c2e6e2e4
[2025-07-21 22:30:04] [INFO]: [GET PLANTS] Retrieved 2 plants for user 687e469b29e776d7c2e6e2e4
[2025-07-21 22:31:02] [INFO]: [GET PLANTS] Retrieved 2 plants for user 687e469b29e776d7c2e6e2e4
[2025-07-21 22:32:57] [INFO]: [GET PLANTS] Retrieved 2 plants for user 687e469b29e776d7c2e6e2e4
[2025-07-21 22:33:09] [INFO]: [GET PLANTS] Retrieved 2 plants for user 687e469b29e776d7c2e6e2e4
[2025-07-21 22:33:12] [INFO]: [GET PLANTS] Retrieved 2 plants for user 687e469b29e776d7c2e6e2e4
[2025-07-21 22:33:12] [INFO]: [GET PLANTS] Retrieved 2 plants for user 687e469b29e776d7c2e6e2e4
[2025-07-21 22:33:30] [INFO]: [GET PLANTS] Retrieved 2 plants for user 687e469b29e776d7c2e6e2e4
[2025-07-21 22:35:29] [INFO]: [GET PLANTS] Retrieved 2 plants for user 687e469b29e776d7c2e6e2e4
[2025-07-21 22:35:42] [INFO]: [GET PLANTS] Retrieved 2 plants for user 687e469b29e776d7c2e6e2e4
[2025-07-21 22:35:54] [INFO]: [GET PLANTS] Retrieved 2 plants for user 687e469b29e776d7c2e6e2e4
[2025-07-21 22:36:16] [INFO]: [GET PLANTS] Retrieved 2 plants for user 687e469b29e776d7c2e6e2e4
[2025-07-21 22:37:47] [INFO]: [GET PLANTS] Retrieved 2 plants for user 687e469b29e776d7c2e6e2e4
[2025-07-21 22:37:48] [INFO]: [GET PLANTS] Retrieved 2 plants for user 687e469b29e776d7c2e6e2e4
[2025-07-21 22:38:01] [INFO]: [GET PLANTS] Retrieved 2 plants for user 687e469b29e776d7c2e6e2e4
[2025-07-22 19:41:39] [INFO]: ✅ MongoDB connected successfully
[2025-07-22 19:41:39] [INFO]: 🌿 Growlify backend running on http://localhost:5000
[2025-07-22 19:41:39] [INFO]: MongoDB connected successfully
[2025-07-22 19:49:01] [ERROR]: ❌ Email sending failed from denilahpauline@gmail.com: Invalid login: 535-5.7.8 Username and Password not accepted. For more information, go to
535 5.7.8  https://support.google.com/mail/?p=BadCredentials d9443c01a7336-23e3b611ff5sm77764595ad.75 - gsmtp
[2025-07-22 19:49:55] [INFO]: ✅ MongoDB connected successfully
[2025-07-22 19:49:55] [INFO]: 🌿 Growlify backend running on http://localhost:5000
[2025-07-22 19:49:55] [INFO]: MongoDB connected successfully
[2025-07-22 19:50:02] [INFO]: 📩 Contact email received from denilahpauline@gmail.com by Dinny
[2025-07-24 21:40:39] [INFO]: ✅ MongoDB connected successfully
[2025-07-24 21:40:39] [INFO]: 🌿 Growlify backend running on http://localhost:5000
[2025-07-24 21:40:39] [INFO]: MongoDB connected successfully
[2025-07-24 22:01:15] [INFO]: ✅ MongoDB connected successfully
[2025-07-24 22:01:15] [INFO]: 🌿 Growlify backend running on http://localhost:5000
[2025-07-24 22:01:15] [INFO]: MongoDB connected successfully
